{"/Users/robbiesherre/Desktop/react-secure/src/App.jsx": {"path":"/Users/robbiesherre/Desktop/react-secure/src/App.jsx","statementMap":{"0":{"start":{"line":12,"column":2},"end":{"line":25,"column":4}}},"fnMap":{"0":{"name":"App","decl":{"start":{"line":11,"column":24},"end":{"line":11,"column":27}},"loc":{"start":{"line":11,"column":30},"end":{"line":26,"column":1}},"line":11}},"branchMap":{},"s":{"0":1},"f":{"0":1},"b":{},"_coverageSchema":"1a1c01bbd47fc00a2c39e90264f33305004495a9","hash":"cae8a12cdaa21b0b580882593385b1c2d17da648"}
,"/Users/robbiesherre/Desktop/react-secure/src/components/Navbar.jsx": {"path":"/Users/robbiesherre/Desktop/react-secure/src/components/Navbar.jsx","statementMap":{"0":{"start":{"line":5,"column":23},"end":{"line":5,"column":36}},"1":{"start":{"line":6,"column":20},"end":{"line":11,"column":6}},"2":{"start":{"line":7,"column":4},"end":{"line":11,"column":6}},"3":{"start":{"line":13,"column":2},"end":{"line":41,"column":4}}},"fnMap":{"0":{"name":"Navbar","decl":{"start":{"line":4,"column":24},"end":{"line":4,"column":30}},"loc":{"start":{"line":4,"column":33},"end":{"line":42,"column":1}},"line":4},"1":{"name":"(anonymous_1)","decl":{"start":{"line":6,"column":20},"end":{"line":6,"column":21}},"loc":{"start":{"line":7,"column":4},"end":{"line":11,"column":6}},"line":7}},"branchMap":{"0":{"loc":{"start":{"line":8,"column":6},"end":{"line":10,"column":43}},"type":"cond-expr","locations":[{"start":{"line":9,"column":10},"end":{"line":9,"column":34}},{"start":{"line":10,"column":10},"end":{"line":10,"column":43}}],"line":8}},"s":{"0":2,"1":2,"2":10,"3":2},"f":{"0":2,"1":10},"b":{"0":[1,9]},"_coverageSchema":"1a1c01bbd47fc00a2c39e90264f33305004495a9","hash":"f5bca6b208b4a00aaf5621a87fcfb94445284ddf"}
,"/Users/robbiesherre/Desktop/react-secure/src/pages/Dashboard.jsx": {"path":"/Users/robbiesherre/Desktop/react-secure/src/pages/Dashboard.jsx","statementMap":{"0":{"start":{"line":6,"column":26},"end":{"line":6,"column":40}},"1":{"start":{"line":7,"column":28},"end":{"line":7,"column":42}},"2":{"start":{"line":8,"column":19},"end":{"line":8,"column":32}},"3":{"start":{"line":10,"column":2},"end":{"line":31,"column":17}},"4":{"start":{"line":12,"column":6},"end":{"line":28,"column":7}},"5":{"start":{"line":13,"column":20},"end":{"line":15,"column":10}},"6":{"start":{"line":16,"column":8},"end":{"line":16,"column":52}},"7":{"start":{"line":17,"column":8},"end":{"line":20,"column":9}},"8":{"start":{"line":18,"column":22},"end":{"line":18,"column":56}},"9":{"start":{"line":18,"column":52},"end":{"line":18,"column":54}},"10":{"start":{"line":19,"column":10},"end":{"line":19,"column":60}},"11":{"start":{"line":21,"column":21},"end":{"line":21,"column":37}},"12":{"start":{"line":22,"column":8},"end":{"line":22,"column":40}},"13":{"start":{"line":23,"column":8},"end":{"line":23,"column":22}},"14":{"start":{"line":25,"column":8},"end":{"line":25,"column":58}},"15":{"start":{"line":26,"column":8},"end":{"line":26,"column":28}},"16":{"start":{"line":27,"column":8},"end":{"line":27,"column":27}},"17":{"start":{"line":30,"column":4},"end":{"line":30,"column":15}},"18":{"start":{"line":34,"column":2},"end":{"line":40,"column":3}},"19":{"start":{"line":35,"column":4},"end":{"line":39,"column":6}},"20":{"start":{"line":41,"column":2},"end":{"line":47,"column":3}},"21":{"start":{"line":42,"column":4},"end":{"line":46,"column":6}},"22":{"start":{"line":49,"column":2},"end":{"line":71,"column":4}},"23":{"start":{"line":60,"column":12},"end":{"line":62,"column":15}},"24":{"start":{"line":63,"column":12},"end":{"line":63,"column":31}}},"fnMap":{"0":{"name":"Dashboard","decl":{"start":{"line":5,"column":24},"end":{"line":5,"column":33}},"loc":{"start":{"line":5,"column":36},"end":{"line":72,"column":1}},"line":5},"1":{"name":"(anonymous_1)","decl":{"start":{"line":10,"column":12},"end":{"line":10,"column":13}},"loc":{"start":{"line":10,"column":18},"end":{"line":31,"column":3}},"line":10},"2":{"name":"loadUser","decl":{"start":{"line":11,"column":19},"end":{"line":11,"column":27}},"loc":{"start":{"line":11,"column":30},"end":{"line":29,"column":5}},"line":11},"3":{"name":"(anonymous_3)","decl":{"start":{"line":18,"column":45},"end":{"line":18,"column":46}},"loc":{"start":{"line":18,"column":52},"end":{"line":18,"column":54}},"line":18},"4":{"name":"(anonymous_4)","decl":{"start":{"line":59,"column":19},"end":{"line":59,"column":20}},"loc":{"start":{"line":59,"column":31},"end":{"line":64,"column":11}},"line":59}},"branchMap":{"0":{"loc":{"start":{"line":17,"column":8},"end":{"line":20,"column":9}},"type":"if","locations":[{"start":{"line":17,"column":8},"end":{"line":20,"column":9}},{"start":{},"end":{}}],"line":17},"1":{"loc":{"start":{"line":19,"column":26},"end":{"line":19,"column":58}},"type":"binary-expr","locations":[{"start":{"line":19,"column":26},"end":{"line":19,"column":35}},{"start":{"line":19,"column":39},"end":{"line":19,"column":58}}],"line":19},"2":{"loc":{"start":{"line":34,"column":2},"end":{"line":40,"column":3}},"type":"if","locations":[{"start":{"line":34,"column":2},"end":{"line":40,"column":3}},{"start":{},"end":{}}],"line":34},"3":{"loc":{"start":{"line":41,"column":2},"end":{"line":47,"column":3}},"type":"if","locations":[{"start":{"line":41,"column":2},"end":{"line":47,"column":3}},{"start":{},"end":{}}],"line":41}},"s":{"0":0,"1":0,"2":0,"3":0,"4":0,"5":0,"6":0,"7":0,"8":0,"9":0,"10":0,"11":0,"12":0,"13":0,"14":0,"15":0,"16":0,"17":0,"18":0,"19":0,"20":0,"21":0,"22":0,"23":0,"24":0},"f":{"0":0,"1":0,"2":0,"3":0,"4":0},"b":{"0":[0,0],"1":[0,0],"2":[0,0],"3":[0,0]},"_coverageSchema":"1a1c01bbd47fc00a2c39e90264f33305004495a9","hash":"495df7acbaec2301dbddb1b346ca22f0ca07b568"}
,"/Users/robbiesherre/Desktop/react-secure/src/pages/Login.jsx": {"path":"/Users/robbiesherre/Desktop/react-secure/src/pages/Login.jsx","statementMap":{"0":{"start":{"line":8,"column":19},"end":{"line":8,"column":32}},"1":{"start":{"line":13,"column":6},"end":{"line":15,"column":4}},"2":{"start":{"line":17,"column":19},"end":{"line":33,"column":3}},"3":{"start":{"line":18,"column":4},"end":{"line":32,"column":5}},"4":{"start":{"line":19,"column":18},"end":{"line":24,"column":8}},"5":{"start":{"line":25,"column":22},"end":{"line":25,"column":56}},"6":{"start":{"line":25,"column":52},"end":{"line":25,"column":54}},"7":{"start":{"line":26,"column":6},"end":{"line":26,"column":68}},"8":{"start":{"line":26,"column":19},"end":{"line":26,"column":68}},"9":{"start":{"line":28,"column":6},"end":{"line":28,"column":47}},"10":{"start":{"line":29,"column":6},"end":{"line":29,"column":29}},"11":{"start":{"line":31,"column":6},"end":{"line":31,"column":29}},"12":{"start":{"line":35,"column":2},"end":{"line":87,"column":4}}},"fnMap":{"0":{"name":"Login","decl":{"start":{"line":7,"column":24},"end":{"line":7,"column":29}},"loc":{"start":{"line":7,"column":32},"end":{"line":88,"column":1}},"line":7},"1":{"name":"(anonymous_1)","decl":{"start":{"line":17,"column":19},"end":{"line":17,"column":20}},"loc":{"start":{"line":17,"column":33},"end":{"line":33,"column":3}},"line":17},"2":{"name":"(anonymous_2)","decl":{"start":{"line":25,"column":45},"end":{"line":25,"column":46}},"loc":{"start":{"line":25,"column":52},"end":{"line":25,"column":54}},"line":25}},"branchMap":{"0":{"loc":{"start":{"line":26,"column":6},"end":{"line":26,"column":68}},"type":"if","locations":[{"start":{"line":26,"column":6},"end":{"line":26,"column":68}},{"start":{},"end":{}}],"line":26},"1":{"loc":{"start":{"line":26,"column":35},"end":{"line":26,"column":66}},"type":"binary-expr","locations":[{"start":{"line":26,"column":35},"end":{"line":26,"column":48}},{"start":{"line":26,"column":52},"end":{"line":26,"column":66}}],"line":26},"2":{"loc":{"start":{"line":51,"column":13},"end":{"line":53,"column":13}},"type":"binary-expr","locations":[{"start":{"line":51,"column":13},"end":{"line":51,"column":28}},{"start":{"line":52,"column":14},"end":{"line":52,"column":84}}],"line":51},"3":{"loc":{"start":{"line":64,"column":13},"end":{"line":66,"column":13}},"type":"binary-expr","locations":[{"start":{"line":64,"column":13},"end":{"line":64,"column":28}},{"start":{"line":65,"column":14},"end":{"line":65,"column":84}}],"line":64},"4":{"loc":{"start":{"line":75,"column":13},"end":{"line":75,"column":52}},"type":"cond-expr","locations":[{"start":{"line":75,"column":28},"end":{"line":75,"column":41}},{"start":{"line":75,"column":44},"end":{"line":75,"column":52}}],"line":75}},"s":{"0":0,"1":0,"2":0,"3":0,"4":0,"5":0,"6":0,"7":0,"8":0,"9":0,"10":0,"11":0,"12":0},"f":{"0":0,"1":0,"2":0},"b":{"0":[0,0],"1":[0,0],"2":[0,0],"3":[0,0],"4":[0,0]},"_coverageSchema":"1a1c01bbd47fc00a2c39e90264f33305004495a9","hash":"cb6b84f47f8a0aaf8420be3eed14959a39c1e37a"}
,"/Users/robbiesherre/Desktop/react-secure/src/pages/Profile.jsx": {"path":"/Users/robbiesherre/Desktop/react-secure/src/pages/Profile.jsx","statementMap":{"0":{"start":{"line":6,"column":34},"end":{"line":6,"column":46}},"1":{"start":{"line":7,"column":32},"end":{"line":7,"column":46}},"2":{"start":{"line":8,"column":19},"end":{"line":8,"column":32}},"3":{"start":{"line":10,"column":2},"end":{"line":22,"column":17}},"4":{"start":{"line":11,"column":4},"end":{"line":21,"column":40}},"5":{"start":{"line":13,"column":8},"end":{"line":18,"column":12}},"6":{"start":{"line":16,"column":12},"end":{"line":16,"column":36}},"7":{"start":{"line":16,"column":25},"end":{"line":16,"column":36}},"8":{"start":{"line":17,"column":12},"end":{"line":17,"column":39}},"9":{"start":{"line":20,"column":19},"end":{"line":20,"column":37}},"10":{"start":{"line":21,"column":21},"end":{"line":21,"column":38}},"11":{"start":{"line":24,"column":23},"end":{"line":39,"column":3}},"12":{"start":{"line":25,"column":4},"end":{"line":25,"column":23}},"13":{"start":{"line":26,"column":4},"end":{"line":38,"column":5}},"14":{"start":{"line":27,"column":18},"end":{"line":32,"column":8}},"15":{"start":{"line":33,"column":19},"end":{"line":33,"column":35}},"16":{"start":{"line":34,"column":6},"end":{"line":34,"column":30}},"17":{"start":{"line":34,"column":19},"end":{"line":34,"column":30}},"18":{"start":{"line":35,"column":6},"end":{"line":35,"column":53}},"19":{"start":{"line":37,"column":6},"end":{"line":37,"column":63}},"20":{"start":{"line":41,"column":2},"end":{"line":47,"column":3}},"21":{"start":{"line":42,"column":4},"end":{"line":46,"column":6}},"22":{"start":{"line":49,"column":2},"end":{"line":73,"column":4}},"23":{"start":{"line":59,"column":29},"end":{"line":59,"column":56}}},"fnMap":{"0":{"name":"Profile","decl":{"start":{"line":5,"column":24},"end":{"line":5,"column":31}},"loc":{"start":{"line":5,"column":34},"end":{"line":74,"column":1}},"line":5},"1":{"name":"(anonymous_1)","decl":{"start":{"line":10,"column":12},"end":{"line":10,"column":13}},"loc":{"start":{"line":10,"column":18},"end":{"line":22,"column":3}},"line":10},"2":{"name":"(anonymous_2)","decl":{"start":{"line":12,"column":12},"end":{"line":12,"column":13}},"loc":{"start":{"line":13,"column":8},"end":{"line":18,"column":12}},"line":13},"3":{"name":"(anonymous_3)","decl":{"start":{"line":15,"column":16},"end":{"line":15,"column":17}},"loc":{"start":{"line":15,"column":24},"end":{"line":18,"column":11}},"line":15},"4":{"name":"(anonymous_4)","decl":{"start":{"line":20,"column":13},"end":{"line":20,"column":14}},"loc":{"start":{"line":20,"column":19},"end":{"line":20,"column":37}},"line":20},"5":{"name":"(anonymous_5)","decl":{"start":{"line":21,"column":15},"end":{"line":21,"column":16}},"loc":{"start":{"line":21,"column":21},"end":{"line":21,"column":38}},"line":21},"6":{"name":"(anonymous_6)","decl":{"start":{"line":24,"column":23},"end":{"line":24,"column":24}},"loc":{"start":{"line":24,"column":34},"end":{"line":39,"column":3}},"line":24},"7":{"name":"(anonymous_7)","decl":{"start":{"line":59,"column":24},"end":{"line":59,"column":25}},"loc":{"start":{"line":59,"column":29},"end":{"line":59,"column":56}},"line":59}},"branchMap":{"0":{"loc":{"start":{"line":16,"column":12},"end":{"line":16,"column":36}},"type":"if","locations":[{"start":{"line":16,"column":12},"end":{"line":16,"column":36}},{"start":{},"end":{}}],"line":16},"1":{"loc":{"start":{"line":34,"column":6},"end":{"line":34,"column":30}},"type":"if","locations":[{"start":{"line":34,"column":6},"end":{"line":34,"column":30}},{"start":{},"end":{}}],"line":34},"2":{"loc":{"start":{"line":37,"column":18},"end":{"line":37,"column":61}},"type":"binary-expr","locations":[{"start":{"line":37,"column":18},"end":{"line":37,"column":27}},{"start":{"line":37,"column":31},"end":{"line":37,"column":42}},{"start":{"line":37,"column":46},"end":{"line":37,"column":61}}],"line":37},"3":{"loc":{"start":{"line":41,"column":2},"end":{"line":47,"column":3}},"type":"if","locations":[{"start":{"line":41,"column":2},"end":{"line":47,"column":3}},{"start":{},"end":{}}],"line":41}},"s":{"0":0,"1":0,"2":0,"3":0,"4":0,"5":0,"6":0,"7":0,"8":0,"9":0,"10":0,"11":0,"12":0,"13":0,"14":0,"15":0,"16":0,"17":0,"18":0,"19":0,"20":0,"21":0,"22":0,"23":0},"f":{"0":0,"1":0,"2":0,"3":0,"4":0,"5":0,"6":0,"7":0},"b":{"0":[0,0],"1":[0,0],"2":[0,0,0],"3":[0,0]},"_coverageSchema":"1a1c01bbd47fc00a2c39e90264f33305004495a9","hash":"977182c5d7e085f8ac536fb0a732c5e30dba8df1"}
,"/Users/robbiesherre/Desktop/react-secure/src/pages/Register.jsx": {"path":"/Users/robbiesherre/Desktop/react-secure/src/pages/Register.jsx","statementMap":{"0":{"start":{"line":9,"column":19},"end":{"line":9,"column":32}},"1":{"start":{"line":14,"column":6},"end":{"line":14,"column":52}},"2":{"start":{"line":16,"column":19},"end":{"line":36,"column":3}},"3":{"start":{"line":17,"column":4},"end":{"line":35,"column":5}},"4":{"start":{"line":18,"column":18},"end":{"line":23,"column":8}},"5":{"start":{"line":25,"column":6},"end":{"line":29,"column":7}},"6":{"start":{"line":27,"column":20},"end":{"line":27,"column":54}},"7":{"start":{"line":27,"column":50},"end":{"line":27,"column":52}},"8":{"start":{"line":28,"column":8},"end":{"line":28,"column":60}},"9":{"start":{"line":31,"column":6},"end":{"line":31,"column":55}},"10":{"start":{"line":32,"column":6},"end":{"line":32,"column":25}},"11":{"start":{"line":34,"column":6},"end":{"line":34,"column":29}},"12":{"start":{"line":38,"column":2},"end":{"line":90,"column":4}}},"fnMap":{"0":{"name":"Register","decl":{"start":{"line":8,"column":24},"end":{"line":8,"column":32}},"loc":{"start":{"line":8,"column":35},"end":{"line":91,"column":1}},"line":8},"1":{"name":"(anonymous_1)","decl":{"start":{"line":16,"column":19},"end":{"line":16,"column":20}},"loc":{"start":{"line":16,"column":33},"end":{"line":36,"column":3}},"line":16},"2":{"name":"(anonymous_2)","decl":{"start":{"line":27,"column":43},"end":{"line":27,"column":44}},"loc":{"start":{"line":27,"column":50},"end":{"line":27,"column":52}},"line":27}},"branchMap":{"0":{"loc":{"start":{"line":25,"column":6},"end":{"line":29,"column":7}},"type":"if","locations":[{"start":{"line":25,"column":6},"end":{"line":29,"column":7}},{"start":{},"end":{}}],"line":25},"1":{"loc":{"start":{"line":28,"column":24},"end":{"line":28,"column":58}},"type":"binary-expr","locations":[{"start":{"line":28,"column":24},"end":{"line":28,"column":33}},{"start":{"line":28,"column":37},"end":{"line":28,"column":58}}],"line":28},"2":{"loc":{"start":{"line":54,"column":13},"end":{"line":56,"column":13}},"type":"binary-expr","locations":[{"start":{"line":54,"column":13},"end":{"line":54,"column":28}},{"start":{"line":55,"column":14},"end":{"line":55,"column":84}}],"line":54},"3":{"loc":{"start":{"line":67,"column":13},"end":{"line":69,"column":13}},"type":"binary-expr","locations":[{"start":{"line":67,"column":13},"end":{"line":67,"column":28}},{"start":{"line":68,"column":14},"end":{"line":68,"column":84}}],"line":67},"4":{"loc":{"start":{"line":78,"column":13},"end":{"line":78,"column":53}},"type":"cond-expr","locations":[{"start":{"line":78,"column":28},"end":{"line":78,"column":41}},{"start":{"line":78,"column":44},"end":{"line":78,"column":53}}],"line":78}},"s":{"0":2,"1":2,"2":2,"3":0,"4":0,"5":0,"6":0,"7":0,"8":0,"9":0,"10":0,"11":0,"12":2},"f":{"0":2,"1":0,"2":0},"b":{"0":[0,0],"1":[0,0],"2":[2,0],"3":[2,0],"4":[0,2]},"_coverageSchema":"1a1c01bbd47fc00a2c39e90264f33305004495a9","hash":"c1f81a4cff4aba189f9a675874eea4249960f2ea"}
,"/Users/robbiesherre/Desktop/react-secure/src/pages/Settings.jsx": {"path":"/Users/robbiesherre/Desktop/react-secure/src/pages/Settings.jsx","statementMap":{"0":{"start":{"line":5,"column":34},"end":{"line":5,"column":46}},"1":{"start":{"line":6,"column":32},"end":{"line":6,"column":46}},"2":{"start":{"line":8,"column":2},"end":{"line":17,"column":9}},"3":{"start":{"line":9,"column":4},"end":{"line":16,"column":40}},"4":{"start":{"line":11,"column":21},"end":{"line":11,"column":55}},"5":{"start":{"line":11,"column":51},"end":{"line":11,"column":53}},"6":{"start":{"line":12,"column":8},"end":{"line":12,"column":78}},"7":{"start":{"line":12,"column":21},"end":{"line":12,"column":78}},"8":{"start":{"line":13,"column":8},"end":{"line":13,"column":26}},"9":{"start":{"line":15,"column":20},"end":{"line":15,"column":44}},"10":{"start":{"line":16,"column":21},"end":{"line":16,"column":38}},"11":{"start":{"line":19,"column":23},"end":{"line":21,"column":3}},"12":{"start":{"line":20,"column":4},"end":{"line":20,"column":66}},"13":{"start":{"line":23,"column":21},"end":{"line":38,"column":3}},"14":{"start":{"line":24,"column":4},"end":{"line":24,"column":23}},"15":{"start":{"line":25,"column":4},"end":{"line":37,"column":5}},"16":{"start":{"line":26,"column":18},"end":{"line":31,"column":8}},"17":{"start":{"line":32,"column":19},"end":{"line":32,"column":53}},"18":{"start":{"line":32,"column":49},"end":{"line":32,"column":51}},"19":{"start":{"line":33,"column":6},"end":{"line":33,"column":64}},"20":{"start":{"line":33,"column":19},"end":{"line":33,"column":64}},"21":{"start":{"line":34,"column":6},"end":{"line":34,"column":55}},"22":{"start":{"line":36,"column":6},"end":{"line":36,"column":31}},"23":{"start":{"line":40,"column":2},"end":{"line":46,"column":3}},"24":{"start":{"line":41,"column":4},"end":{"line":45,"column":6}},"25":{"start":{"line":48,"column":2},"end":{"line":74,"column":4}}},"fnMap":{"0":{"name":"Settings","decl":{"start":{"line":4,"column":24},"end":{"line":4,"column":32}},"loc":{"start":{"line":4,"column":35},"end":{"line":75,"column":1}},"line":4},"1":{"name":"(anonymous_1)","decl":{"start":{"line":8,"column":12},"end":{"line":8,"column":13}},"loc":{"start":{"line":8,"column":18},"end":{"line":17,"column":3}},"line":8},"2":{"name":"(anonymous_2)","decl":{"start":{"line":10,"column":12},"end":{"line":10,"column":13}},"loc":{"start":{"line":10,"column":25},"end":{"line":14,"column":7}},"line":10},"3":{"name":"(anonymous_3)","decl":{"start":{"line":11,"column":44},"end":{"line":11,"column":45}},"loc":{"start":{"line":11,"column":51},"end":{"line":11,"column":53}},"line":11},"4":{"name":"(anonymous_4)","decl":{"start":{"line":15,"column":13},"end":{"line":15,"column":14}},"loc":{"start":{"line":15,"column":20},"end":{"line":15,"column":44}},"line":15},"5":{"name":"(anonymous_5)","decl":{"start":{"line":16,"column":15},"end":{"line":16,"column":16}},"loc":{"start":{"line":16,"column":21},"end":{"line":16,"column":38}},"line":16},"6":{"name":"(anonymous_6)","decl":{"start":{"line":19,"column":23},"end":{"line":19,"column":24}},"loc":{"start":{"line":19,"column":28},"end":{"line":21,"column":3}},"line":19},"7":{"name":"(anonymous_7)","decl":{"start":{"line":23,"column":21},"end":{"line":23,"column":22}},"loc":{"start":{"line":23,"column":32},"end":{"line":38,"column":3}},"line":23},"8":{"name":"(anonymous_8)","decl":{"start":{"line":32,"column":42},"end":{"line":32,"column":43}},"loc":{"start":{"line":32,"column":49},"end":{"line":32,"column":51}},"line":32}},"branchMap":{"0":{"loc":{"start":{"line":12,"column":8},"end":{"line":12,"column":78}},"type":"if","locations":[{"start":{"line":12,"column":8},"end":{"line":12,"column":78}},{"start":{},"end":{}}],"line":12},"1":{"loc":{"start":{"line":12,"column":37},"end":{"line":12,"column":76}},"type":"binary-expr","locations":[{"start":{"line":12,"column":37},"end":{"line":12,"column":47}},{"start":{"line":12,"column":51},"end":{"line":12,"column":76}}],"line":12},"2":{"loc":{"start":{"line":33,"column":6},"end":{"line":33,"column":64}},"type":"if","locations":[{"start":{"line":33,"column":6},"end":{"line":33,"column":64}},{"start":{},"end":{}}],"line":33},"3":{"loc":{"start":{"line":33,"column":35},"end":{"line":33,"column":62}},"type":"binary-expr","locations":[{"start":{"line":33,"column":35},"end":{"line":33,"column":45}},{"start":{"line":33,"column":49},"end":{"line":33,"column":62}}],"line":33},"4":{"loc":{"start":{"line":34,"column":20},"end":{"line":34,"column":53}},"type":"binary-expr","locations":[{"start":{"line":34,"column":20},"end":{"line":34,"column":32}},{"start":{"line":34,"column":36},"end":{"line":34,"column":53}}],"line":34},"5":{"loc":{"start":{"line":40,"column":2},"end":{"line":46,"column":3}},"type":"if","locations":[{"start":{"line":40,"column":2},"end":{"line":46,"column":3}},{"start":{},"end":{}}],"line":40},"6":{"loc":{"start":{"line":59,"column":21},"end":{"line":59,"column":53}},"type":"binary-expr","locations":[{"start":{"line":59,"column":21},"end":{"line":59,"column":47}},{"start":{"line":59,"column":51},"end":{"line":59,"column":53}}],"line":59}},"s":{"0":0,"1":0,"2":0,"3":0,"4":0,"5":0,"6":0,"7":0,"8":0,"9":0,"10":0,"11":0,"12":0,"13":0,"14":0,"15":0,"16":0,"17":0,"18":0,"19":0,"20":0,"21":0,"22":0,"23":0,"24":0,"25":0},"f":{"0":0,"1":0,"2":0,"3":0,"4":0,"5":0,"6":0,"7":0,"8":0},"b":{"0":[0,0],"1":[0,0],"2":[0,0],"3":[0,0],"4":[0,0],"5":[0,0],"6":[0,0]},"_coverageSchema":"1a1c01bbd47fc00a2c39e90264f33305004495a9","hash":"2862e6783440f03089c89bb36022136f1d683f8e"}
,"/Users/robbiesherre/Desktop/react-secure/src/utils/validation.js": {"path":"/Users/robbiesherre/Desktop/react-secure/src/utils/validation.js","statementMap":{"0":{"start":{"line":3,"column":26},"end":{"line":6,"column":2}}},"fnMap":{},"branchMap":{},"s":{"0":1},"f":{},"b":{},"_coverageSchema":"1a1c01bbd47fc00a2c39e90264f33305004495a9","hash":"a4b4c46f70cc68de6f2e9d0b5ba2a3941b6a859c"}
}
