TN:
SF:src/App.jsx
FN:11,App
FNF:1
FNH:1
FNDA:1,App
DA:12,1
LF:1
LH:1
BRF:0
BRH:0
end_of_record
TN:
SF:src/components/Navbar.jsx
FN:4,Navbar
FN:6,(anonymous_1)
FNF:2
FNH:2
FNDA:2,Navbar
FNDA:10,(anonymous_1)
DA:5,2
DA:6,2
DA:7,10
DA:13,2
LF:4
LH:4
BRDA:8,0,0,1
BRDA:8,0,1,9
BRF:2
BRH:2
end_of_record
TN:
SF:src/pages/Dashboard.jsx
FN:5,Dashboard
FN:10,(anonymous_1)
FN:11,loadUser
FN:18,(anonymous_3)
FN:59,(anonymous_4)
FNF:5
FNH:3
FNDA:2,Dashboard
FNDA:1,(anonymous_1)
FNDA:1,loadUser
FNDA:0,(anonymous_3)
FNDA:0,(anonymous_4)
DA:6,2
DA:7,2
DA:8,2
DA:10,2
DA:12,1
DA:13,1
DA:16,1
DA:17,1
DA:18,0
DA:19,0
DA:21,1
DA:22,1
DA:23,1
DA:25,0
DA:26,0
DA:27,0
DA:30,1
DA:34,2
DA:35,0
DA:41,2
DA:42,1
DA:49,1
DA:60,0
DA:63,0
LF:24
LH:16
BRDA:17,0,0,0
BRDA:17,0,1,1
BRDA:19,1,0,0
BRDA:19,1,1,0
BRDA:34,2,0,0
BRDA:34,2,1,2
BRDA:41,3,0,1
BRDA:41,3,1,1
BRF:8
BRH:4
end_of_record
TN:
SF:src/pages/Login.jsx
FN:8,Login
FN:18,(anonymous_1)
FN:28,(anonymous_2)
FNF:3
FNH:2
FNDA:10,Login
FNDA:2,(anonymous_1)
FNDA:0,(anonymous_2)
DA:9,10
DA:14,10
DA:18,10
DA:19,2
DA:20,2
DA:27,2
DA:28,1
DA:29,1
DA:32,1
DA:34,1
DA:38,10
LF:11
LH:11
BRDA:27,0,0,1
BRDA:27,0,1,1
BRDA:29,1,0,1
BRDA:29,1,1,0
BRDA:58,2,0,10
BRDA:58,2,1,0
BRDA:77,3,0,10
BRDA:77,3,1,0
BRDA:91,4,0,2
BRDA:91,4,1,8
BRF:10
BRH:7
end_of_record
TN:
SF:src/pages/Profile.jsx
FN:6,Profile
FN:11,(anonymous_1)
FN:13,(anonymous_2)
FN:16,(anonymous_3)
FN:21,(anonymous_4)
FN:22,(anonymous_5)
FN:25,(anonymous_6)
FN:60,(anonymous_7)
FNF:8
FNH:5
FNDA:2,Profile
FNDA:1,(anonymous_1)
FNDA:1,(anonymous_2)
FNDA:1,(anonymous_3)
FNDA:0,(anonymous_4)
FNDA:1,(anonymous_5)
FNDA:0,(anonymous_6)
FNDA:0,(anonymous_7)
DA:7,2
DA:8,2
DA:9,2
DA:11,2
DA:12,1
DA:14,1
DA:17,1
DA:18,1
DA:21,0
DA:22,1
DA:25,2
DA:26,0
DA:27,0
DA:28,0
DA:34,0
DA:35,0
DA:36,0
DA:38,0
DA:42,2
DA:43,1
DA:50,1
DA:60,0
LF:22
LH:13
BRDA:17,0,0,0
BRDA:17,0,1,1
BRDA:35,1,0,0
BRDA:35,1,1,0
BRDA:38,2,0,0
BRDA:38,2,1,0
BRDA:38,2,2,0
BRDA:42,3,0,1
BRDA:42,3,1,1
BRF:9
BRH:3
end_of_record
TN:
SF:src/pages/Register.jsx
FN:8,Register
FN:16,(anonymous_1)
FN:25,(anonymous_2)
FNF:3
FNH:2
FNDA:12,Register
FNDA:2,(anonymous_1)
FNDA:0,(anonymous_2)
DA:9,12
DA:14,12
DA:16,12
DA:17,2
DA:18,2
DA:24,2
DA:25,1
DA:26,1
DA:28,1
DA:29,1
DA:31,1
DA:35,12
LF:12
LH:12
BRDA:24,0,0,1
BRDA:24,0,1,1
BRDA:26,1,0,1
BRDA:26,1,1,0
BRDA:54,2,0,12
BRDA:54,2,1,0
BRDA:73,3,0,12
BRDA:73,3,1,0
BRDA:87,4,0,2
BRDA:87,4,1,10
BRF:10
BRH:7
end_of_record
TN:
SF:src/pages/Settings.jsx
FN:5,Settings
FN:9,(anonymous_1)
FN:11,(anonymous_2)
FN:12,(anonymous_3)
FN:16,(anonymous_4)
FN:17,(anonymous_5)
FN:20,(anonymous_6)
FN:24,(anonymous_7)
FN:33,(anonymous_8)
FNF:9
FNH:4
FNDA:2,Settings
FNDA:1,(anonymous_1)
FNDA:1,(anonymous_2)
FNDA:0,(anonymous_3)
FNDA:0,(anonymous_4)
FNDA:1,(anonymous_5)
FNDA:0,(anonymous_6)
FNDA:0,(anonymous_7)
FNDA:0,(anonymous_8)
DA:6,2
DA:7,2
DA:9,2
DA:10,1
DA:12,1
DA:13,1
DA:14,1
DA:16,0
DA:17,1
DA:20,2
DA:21,0
DA:24,2
DA:25,0
DA:26,0
DA:27,0
DA:33,0
DA:34,0
DA:35,0
DA:37,0
DA:41,2
DA:42,1
DA:49,1
LF:22
LH:13
BRDA:13,0,0,0
BRDA:13,0,1,1
BRDA:13,1,0,0
BRDA:13,1,1,0
BRDA:34,2,0,0
BRDA:34,2,1,0
BRDA:34,3,0,0
BRDA:34,3,1,0
BRDA:35,4,0,0
BRDA:35,4,1,0
BRDA:41,5,0,1
BRDA:41,5,1,1
BRDA:60,6,0,1
BRDA:60,6,1,0
BRF:14
BRH:4
end_of_record
TN:
SF:src/utils/validation.js
FNF:0
FNH:0
DA:3,5
LF:1
LH:1
BRF:0
BRH:0
end_of_record
